   1              		.arch armv2a
   2              		.fpu softvfp
   3              		.eabi_attribute 20, 1
   4              		.eabi_attribute 21, 1
   5              		.eabi_attribute 23, 3
   6              		.eabi_attribute 24, 1
   7              		.eabi_attribute 25, 1
   8              		.eabi_attribute 26, 1
   9              		.eabi_attribute 30, 4
  10              		.eabi_attribute 34, 0
  11              		.eabi_attribute 18, 4
  12              		.file	"crc16.c"
  13              		.text
  14              		.align	2
  15              		.global	crc16_ccitt
  17              	crc16_ccitt:
  18              		@ args = 0, pretend = 0, frame = 0
  19              		@ frame_needed = 0, uses_anonymous_args = 0
  20 0000 30402DE9 		stmfd	sp!, {r4, r5, lr}
  21 0004 0040A0E1 		mov	r4, r0
  22 0008 0000A0E3 		mov	r0, #0
  23 000c 0030A0E1 		mov	r3, r0
  24              	.L2:
  25 0010 010053E1 		cmp	r3, r1
  26 0014 0B0000AA 		bge	.L5
  27 0018 2C209FE5 		ldr	r2, .L6
  28 001c 03C0D4E7 		ldrb	ip, [r4, r3]	@ zero_extendqisi2
  29 0020 20C42CE0 		eor	ip, ip, r0, lsr #8
  30 0024 8C5082E0 		add	r5, r2, ip, asl #1
  31 0028 8C20D2E7 		ldrb	r2, [r2, ip, asl #1]	@ zero_extendqisi2
  32 002c 01C0D5E5 		ldrb	ip, [r5, #1]	@ zero_extendqisi2
  33 0030 0C2482E1 		orr	r2, r2, ip, asl #8
  34 0034 000422E0 		eor	r0, r2, r0, asl #8
  35 0038 0008A0E1 		mov	r0, r0, asl #16
  36 003c 2008A0E1 		mov	r0, r0, lsr #16
  37 0040 013083E2 		add	r3, r3, #1
  38 0044 F1FFFFEA 		b	.L2
  39              	.L5:
  40 0048 3080BDE8 		ldmfd	sp!, {r4, r5, pc}
  41              	.L7:
  42              		.align	2
  43              	.L6:
  44 004c 00000000 		.word	.LANCHOR0
  46              		.section	.rodata
  47              		.align	1
  48              		.set	.LANCHOR0,. + 0
  51              	crc16tab:
  52 0000 0000     		.short	0
  53 0002 2110     		.short	4129
  54 0004 4220     		.short	8258
  55 0006 6330     		.short	12387
  56 0008 8440     		.short	16516
  57 000a A550     		.short	20645
  58 000c C660     		.short	24774
  59 000e E770     		.short	28903
  60 0010 0881     		.short	-32504
  61 0012 2991     		.short	-28375
  62 0014 4AA1     		.short	-24246
  63 0016 6BB1     		.short	-20117
  64 0018 8CC1     		.short	-15988
  65 001a ADD1     		.short	-11859
  66 001c CEE1     		.short	-7730
  67 001e EFF1     		.short	-3601
  68 0020 3112     		.short	4657
  69 0022 1002     		.short	528
  70 0024 7332     		.short	12915
  71 0026 5222     		.short	8786
  72 0028 B552     		.short	21173
  73 002a 9442     		.short	17044
  74 002c F772     		.short	29431
  75 002e D662     		.short	25302
  76 0030 3993     		.short	-27847
  77 0032 1883     		.short	-31976
  78 0034 7BB3     		.short	-19589
  79 0036 5AA3     		.short	-23718
  80 0038 BDD3     		.short	-11331
  81 003a 9CC3     		.short	-15460
  82 003c FFF3     		.short	-3073
  83 003e DEE3     		.short	-7202
  84 0040 6224     		.short	9314
  85 0042 4334     		.short	13379
  86 0044 2004     		.short	1056
  87 0046 0114     		.short	5121
  88 0048 E664     		.short	25830
  89 004a C774     		.short	29895
  90 004c A444     		.short	17572
  91 004e 8554     		.short	21637
  92 0050 6AA5     		.short	-23190
  93 0052 4BB5     		.short	-19125
  94 0054 2885     		.short	-31448
  95 0056 0995     		.short	-27383
  96 0058 EEE5     		.short	-6674
  97 005a CFF5     		.short	-2609
  98 005c ACC5     		.short	-14932
  99 005e 8DD5     		.short	-10867
 100 0060 5336     		.short	13907
 101 0062 7226     		.short	9842
 102 0064 1116     		.short	5649
 103 0066 3006     		.short	1584
 104 0068 D776     		.short	30423
 105 006a F666     		.short	26358
 106 006c 9556     		.short	22165
 107 006e B446     		.short	18100
 108 0070 5BB7     		.short	-18597
 109 0072 7AA7     		.short	-22662
 110 0074 1997     		.short	-26855
 111 0076 3887     		.short	-30920
 112 0078 DFF7     		.short	-2081
 113 007a FEE7     		.short	-6146
 114 007c 9DD7     		.short	-10339
 115 007e BCC7     		.short	-14404
 116 0080 C448     		.short	18628
 117 0082 E558     		.short	22757
 118 0084 8668     		.short	26758
 119 0086 A778     		.short	30887
 120 0088 4008     		.short	2112
 121 008a 6118     		.short	6241
 122 008c 0228     		.short	10242
 123 008e 2338     		.short	14371
 124 0090 CCC9     		.short	-13876
 125 0092 EDD9     		.short	-9747
 126 0094 8EE9     		.short	-5746
 127 0096 AFF9     		.short	-1617
 128 0098 4889     		.short	-30392
 129 009a 6999     		.short	-26263
 130 009c 0AA9     		.short	-22262
 131 009e 2BB9     		.short	-18133
 132 00a0 F55A     		.short	23285
 133 00a2 D44A     		.short	19156
 134 00a4 B77A     		.short	31415
 135 00a6 966A     		.short	27286
 136 00a8 711A     		.short	6769
 137 00aa 500A     		.short	2640
 138 00ac 333A     		.short	14899
 139 00ae 122A     		.short	10770
 140 00b0 FDDB     		.short	-9219
 141 00b2 DCCB     		.short	-13348
 142 00b4 BFFB     		.short	-1089
 143 00b6 9EEB     		.short	-5218
 144 00b8 799B     		.short	-25735
 145 00ba 588B     		.short	-29864
 146 00bc 3BBB     		.short	-17605
 147 00be 1AAB     		.short	-21734
 148 00c0 A66C     		.short	27814
 149 00c2 877C     		.short	31879
 150 00c4 E44C     		.short	19684
 151 00c6 C55C     		.short	23749
 152 00c8 222C     		.short	11298
 153 00ca 033C     		.short	15363
 154 00cc 600C     		.short	3168
 155 00ce 411C     		.short	7233
 156 00d0 AEED     		.short	-4690
 157 00d2 8FFD     		.short	-625
 158 00d4 ECCD     		.short	-12820
 159 00d6 CDDD     		.short	-8755
 160 00d8 2AAD     		.short	-21206
 161 00da 0BBD     		.short	-17141
 162 00dc 688D     		.short	-29336
 163 00de 499D     		.short	-25271
 164 00e0 977E     		.short	32407
 165 00e2 B66E     		.short	28342
 166 00e4 D55E     		.short	24277
 167 00e6 F44E     		.short	20212
 168 00e8 133E     		.short	15891
 169 00ea 322E     		.short	11826
 170 00ec 511E     		.short	7761
 171 00ee 700E     		.short	3696
 172 00f0 9FFF     		.short	-97
 173 00f2 BEEF     		.short	-4162
 174 00f4 DDDF     		.short	-8227
 175 00f6 FCCF     		.short	-12292
 176 00f8 1BBF     		.short	-16613
 177 00fa 3AAF     		.short	-20678
 178 00fc 599F     		.short	-24743
 179 00fe 788F     		.short	-28808
 180 0100 8891     		.short	-28280
 181 0102 A981     		.short	-32343
 182 0104 CAB1     		.short	-20022
 183 0106 EBA1     		.short	-24085
 184 0108 0CD1     		.short	-12020
 185 010a 2DC1     		.short	-16083
 186 010c 4EF1     		.short	-3762
 187 010e 6FE1     		.short	-7825
 188 0110 8010     		.short	4224
 189 0112 A100     		.short	161
 190 0114 C230     		.short	12482
 191 0116 E320     		.short	8419
 192 0118 0450     		.short	20484
 193 011a 2540     		.short	16421
 194 011c 4670     		.short	28742
 195 011e 6760     		.short	24679
 196 0120 B983     		.short	-31815
 197 0122 9893     		.short	-27752
 198 0124 FBA3     		.short	-23557
 199 0126 DAB3     		.short	-19494
 200 0128 3DC3     		.short	-15555
 201 012a 1CD3     		.short	-11492
 202 012c 7FE3     		.short	-7297
 203 012e 5EF3     		.short	-3234
 204 0130 B102     		.short	689
 205 0132 9012     		.short	4752
 206 0134 F322     		.short	8947
 207 0136 D232     		.short	13010
 208 0138 3542     		.short	16949
 209 013a 1452     		.short	21012
 210 013c 7762     		.short	25207
 211 013e 5672     		.short	29270
 212 0140 EAB5     		.short	-18966
 213 0142 CBA5     		.short	-23093
 214 0144 A895     		.short	-27224
 215 0146 8985     		.short	-31351
 216 0148 6EF5     		.short	-2706
 217 014a 4FE5     		.short	-6833
 218 014c 2CD5     		.short	-10964
 219 014e 0DC5     		.short	-15091
 220 0150 E234     		.short	13538
 221 0152 C324     		.short	9411
 222 0154 A014     		.short	5280
 223 0156 8104     		.short	1153
 224 0158 6674     		.short	29798
 225 015a 4764     		.short	25671
 226 015c 2454     		.short	21540
 227 015e 0544     		.short	17413
 228 0160 DBA7     		.short	-22565
 229 0162 FAB7     		.short	-18438
 230 0164 9987     		.short	-30823
 231 0166 B897     		.short	-26696
 232 0168 5FE7     		.short	-6305
 233 016a 7EF7     		.short	-2178
 234 016c 1DC7     		.short	-14563
 235 016e 3CD7     		.short	-10436
 236 0170 D326     		.short	9939
 237 0172 F236     		.short	14066
 238 0174 9106     		.short	1681
 239 0176 B016     		.short	5808
 240 0178 5766     		.short	26199
 241 017a 7676     		.short	30326
 242 017c 1546     		.short	17941
 243 017e 3456     		.short	22068
 244 0180 4CD9     		.short	-9908
 245 0182 6DC9     		.short	-13971
 246 0184 0EF9     		.short	-1778
 247 0186 2FE9     		.short	-5841
 248 0188 C899     		.short	-26168
 249 018a E989     		.short	-30231
 250 018c 8AB9     		.short	-18038
 251 018e ABA9     		.short	-22101
 252 0190 4458     		.short	22596
 253 0192 6548     		.short	18533
 254 0194 0678     		.short	30726
 255 0196 2768     		.short	26663
 256 0198 C018     		.short	6336
 257 019a E108     		.short	2273
 258 019c 8238     		.short	14466
 259 019e A328     		.short	10403
 260 01a0 7DCB     		.short	-13443
 261 01a2 5CDB     		.short	-9380
 262 01a4 3FEB     		.short	-5313
 263 01a6 1EFB     		.short	-1250
 264 01a8 F98B     		.short	-29703
 265 01aa D89B     		.short	-25640
 266 01ac BBAB     		.short	-21573
 267 01ae 9ABB     		.short	-17510
 268 01b0 754A     		.short	19061
 269 01b2 545A     		.short	23124
 270 01b4 376A     		.short	27191
 271 01b6 167A     		.short	31254
 272 01b8 F10A     		.short	2801
 273 01ba D01A     		.short	6864
 274 01bc B32A     		.short	10931
 275 01be 923A     		.short	14994
 276 01c0 2EFD     		.short	-722
 277 01c2 0FED     		.short	-4849
 278 01c4 6CDD     		.short	-8852
 279 01c6 4DCD     		.short	-12979
 280 01c8 AABD     		.short	-16982
 281 01ca 8BAD     		.short	-21109
 282 01cc E89D     		.short	-25112
 283 01ce C98D     		.short	-29239
 284 01d0 267C     		.short	31782
 285 01d2 076C     		.short	27655
 286 01d4 645C     		.short	23652
 287 01d6 454C     		.short	19525
 288 01d8 A23C     		.short	15522
 289 01da 832C     		.short	11395
 290 01dc E01C     		.short	7392
 291 01de C10C     		.short	3265
 292 01e0 1FEF     		.short	-4321
 293 01e2 3EFF     		.short	-194
 294 01e4 5DCF     		.short	-12451
 295 01e6 7CDF     		.short	-8324
 296 01e8 9BAF     		.short	-20581
 297 01ea BABF     		.short	-16454
 298 01ec D98F     		.short	-28711
 299 01ee F89F     		.short	-24584
 300 01f0 176E     		.short	28183
 301 01f2 367E     		.short	32310
 302 01f4 554E     		.short	20053
 303 01f6 745E     		.short	24180
 304 01f8 932E     		.short	11923
 305 01fa B23E     		.short	16050
 306 01fc D10E     		.short	3793
 307 01fe F01E     		.short	7920
 308              		.ident	"GCC: (GNU Tools for ARM Embedded Processors) 4.8.4 20140725 (release) [ARM/embedded-4_8-br
DEFINED SYMBOLS
                            *ABS*:00000000 crc16.c
     /tmp/ccaegI3o.s:14     .text:00000000 $a
     /tmp/ccaegI3o.s:17     .text:00000000 crc16_ccitt
     /tmp/ccaegI3o.s:44     .text:0000004c $d
     /tmp/ccaegI3o.s:47     .rodata:00000000 $d
     /tmp/ccaegI3o.s:51     .rodata:00000000 crc16tab

NO UNDEFINED SYMBOLS
